<?xml version="1.0" encoding="UTF-8"?>
<testng-results ignored="0" total="2" passed="2" failed="0" skipped="0">
  <reporter-output>
    <line>
      <![CDATA[in class2Test()]]>
    </line>
    <line>
      <![CDATA[test1]]>
    </line>
    <line>
      <![CDATA[test2]]>
    </line>
    <line>
      <![CDATA[test3]]>
    </line>
    <line>
      <![CDATA[test4]]>
    </line>
  </reporter-output>
  <suite started-at="2022-07-21T14:32:02 IST" name="Default suite" finished-at="2022-07-21T14:32:02 IST" duration-ms="76">
    <groups>
    </groups>
    <test started-at="2022-07-21T14:32:02 IST" name="Default test" finished-at="2022-07-21T14:32:02 IST" duration-ms="76">
      <class name="com.saless.ClassTest">
        <test-method signature="class2Test()[pri:0, instance:com.saless.ClassTest@6babf3bf]" started-at="2022-07-21T14:32:02 IST" name="class2Test" finished-at="2022-07-21T14:32:02 IST" duration-ms="9" status="PASS">
          <reporter-output>
            <line>
              <![CDATA[in class2Test()]]>
            </line>
          </reporter-output>
        </test-method> <!-- class2Test -->
        <test-method signature="clssTest()[pri:0, instance:com.saless.ClassTest@6babf3bf]" started-at="2022-07-21T14:32:02 IST" name="clssTest" finished-at="2022-07-21T14:32:02 IST" duration-ms="12" status="PASS">
          <reporter-output>
            <line>
              <![CDATA[test1]]>
            </line>
            <line>
              <![CDATA[test2]]>
            </line>
            <line>
              <![CDATA[test3]]>
            </line>
            <line>
              <![CDATA[test4]]>
            </line>
          </reporter-output>
        </test-method> <!-- clssTest -->
      </class> <!-- com.saless.ClassTest -->
    </test> <!-- Default test -->
  </suite> <!-- Default suite -->
</testng-results>
