<?xml version="1.0" encoding="UTF-8"?>
<testng-results ignored="0" total="1" passed="1" failed="0" skipped="0">
  <reporter-output>
    <line>
      <![CDATA[test1]]>
    </line>
    <line>
      <![CDATA[test2]]>
    </line>
    <line>
      <![CDATA[test3]]>
    </line>
    <line>
      <![CDATA[test4]]>
    </line>
  </reporter-output>
  <suite started-at="2022-07-20T17:23:19 IST" name="Default suite" finished-at="2022-07-20T17:23:19 IST" duration-ms="71">
    <groups>
    </groups>
    <test started-at="2022-07-20T17:23:19 IST" name="Default test" finished-at="2022-07-20T17:23:19 IST" duration-ms="71">
      <class name="com.saless.ClassTest">
        <test-method signature="clssTest()[pri:0, instance:com.saless.ClassTest@101952da]" started-at="2022-07-20T17:23:19 IST" name="clssTest" finished-at="2022-07-20T17:23:19 IST" duration-ms="10" status="PASS">
          <reporter-output>
            <line>
              <![CDATA[test1]]>
            </line>
            <line>
              <![CDATA[test2]]>
            </line>
            <line>
              <![CDATA[test3]]>
            </line>
            <line>
              <![CDATA[test4]]>
            </line>
          </reporter-output>
        </test-method> <!-- clssTest -->
      </class> <!-- com.saless.ClassTest -->
    </test> <!-- Default test -->
  </suite> <!-- Default suite -->
</testng-results>
